<abi-corpus-group architecture='elf-arm-aarch64'>
  <abi-corpus path='vmlinux' architecture='elf-arm-aarch64'></abi-corpus>
</abi-corpus-group>
