<abi-corpus version='2.0' path='tests/data/test-symtab/kernel-modversions/one_of_each.ko' architecture='elf-amd-x86_64'>
  <elf-function-symbols>
    <elf-symbol name='exported_function' type='func-type' binding='global-binding' visibility='default-visibility' is-defined='yes' crc='0xe52d5bcf'/>
    <elf-symbol name='exported_function_gpl' type='func-type' binding='global-binding' visibility='default-visibility' is-defined='yes' crc='0xfda43846'/>
  </elf-function-symbols>
  <elf-variable-symbols>
    <elf-symbol name='exported_variable' size='4' type='object-type' binding='global-binding' visibility='default-visibility' is-defined='yes' crc='0xee94d699'/>
    <elf-symbol name='exported_variable_gpl' size='4' type='object-type' binding='global-binding' visibility='default-visibility' is-defined='yes' crc='0x41336c46'/>
  </elf-variable-symbols>
</abi-corpus>
